#
# There is insufficient memory for the Java Runtime Environment to continue.
# Native memory allocation (malloc) failed to allocate 1048576 bytes. Error detail: AllocateHeap
# Possible reasons:
#   The system is out of physical RAM or swap space
#   This process is running with CompressedOops enabled, and the Java Heap may be blocking the growth of the native heap
# Possible solutions:
#   Reduce memory load on the system
#   Increase physical memory or swap space
#   Check if swap backing store is full
#   Decrease Java heap size (-Xmx/-Xms)
#   Decrease number of Java threads
#   Decrease Java thread stack sizes (-Xss)
#   Set larger code cache with -XX:ReservedCodeCacheSize=
#   JVM is running with Unscaled Compressed Oops mode in which the Java heap is
#     placed in the first 4GB address space. The Java Heap base address is the
#     maximum limit for the native heap growth. Please use -XX:HeapBaseMinAddress
#     to set the Java Heap base and to place the Java Heap above 4GB virtual address.
# This output file may be truncated or incomplete.
#
#  Out of Memory Error (allocation.cpp:44), pid=16464, tid=7096
#
# JRE version: OpenJDK Runtime Environment JBR-21.0.7+6-1038.58-jcef (21.0.7+6) (build 21.0.7+6-b1038.58)
# Java VM: OpenJDK 64-Bit Server VM JBR-21.0.7+6-1038.58-jcef (21.0.7+6-b1038.58, mixed mode, sharing, tiered, compressed oops, compressed class ptrs, g1 gc, windows-amd64)
# No core dump will be written. Minidumps are not enabled by default on client versions of Windows
#

---------------  S U M M A R Y ------------

Command Line: -Djava.rmi.server.hostname=127.0.0.1 -Duser.timezone=UTC -Xmx2048m -Xms128m -Djdbc.classpath=C:\Users\Radka\AppData\Local\Temp\RemoteDriver2.classpath.txt --add-exports=java.desktop/sun.awt=ALL-UNNAMED --add-exports=java.desktop/java.awt.peer=ALL-UNNAMED --add-opens=java.desktop/java.awt=ALL-UNNAMED --add-opens=jdk.unsupported/sun.misc=ALL-UNNAMED --add-opens=java.base/java.nio=ALL-UNNAMED --add-opens=java.base/java.util=ALL-UNNAMED -Dfile.encoding=UTF-8 -Dsun.stdout.encoding=UTF-8 -Dsun.stderr.encoding=UTF-8 com.intellij.database.remote.RemoteJdbcServer org.postgresql.Driver

Host: 12th Gen Intel(R) Core(TM) i7-12650H, 16 cores, 15G,  Windows 11 , 64 bit Build 26100 (10.0.26100.5074)
Time: Fri Sep 19 21:08:11 2025 Russia TZ 2 Standard Time elapsed time: 4613.056395 seconds (0d 1h 16m 53s)

---------------  T H R E A D  ---------------

Current thread (0x000001e92f4b51c0):  VMThread "VM Thread"          [id=7096, stack(0x000000a8a3800000,0x000000a8a3900000) (1024K)]

Stack: [0x000000a8a3800000,0x000000a8a3900000]
Native frames: (J=compiled Java code, j=interpreted, Vv=VM code, C=native code)
V  [jvm.dll+0x6e7c19]
V  [jvm.dll+0x8c5f53]
V  [jvm.dll+0x8c84ae]
V  [jvm.dll+0x8c8b93]
V  [jvm.dll+0x2899e6]
V  [jvm.dll+0xc0f17]
V  [jvm.dll+0x3548c2]
V  [jvm.dll+0x34e25e]
V  [jvm.dll+0x3362c9]
V  [jvm.dll+0x37a64a]
V  [jvm.dll+0x8ce918]
V  [jvm.dll+0x8cfc94]
V  [jvm.dll+0x8d01d0]
V  [jvm.dll+0x8d0463]
V  [jvm.dll+0x86dab8]
V  [jvm.dll+0x6e639d]
C  [ucrtbase.dll+0x37b0]
C  [KERNEL32.DLL+0x2e8d7]
C  [ntdll.dll+0x8d9c]

VM_Operation (0x000000a8a4afecc0): G1CollectFull, mode: safepoint, requested by thread 0x000001e9766b1a50


---------------  P R O C E S S  ---------------

Threads class SMR info:
_java_thread_list=0x000001e977be66a0, length=19, elements={
0x000001e914736f40, 0x000001e92f4cf7f0, 0x000001e92f4d2a10, 0x000001e92f4d5580,
0x000001e92f4d6ff0, 0x000001e92f4d7a50, 0x000001e92f4dc510, 0x000001e92f4dcf70,
0x000001e92f4ddf60, 0x000001e9760230c0, 0x000001e9761b25c0, 0x000001e976728990,
0x000001e97689b760, 0x000001e97684a1a0, 0x000001e9766b1a50, 0x000001e9764a97d0,
0x000001e9769b30d0, 0x000001e9769b3740, 0x000001e976601220
}

Java Threads: ( => current thread )
  0x000001e914736f40 JavaThread "main"                              [_thread_blocked, id=9520, stack(0x000000a8a3100000,0x000000a8a3200000) (1024K)]
  0x000001e92f4cf7f0 JavaThread "Common-Cleaner"             daemon [_thread_blocked, id=17576, stack(0x000000a8a3900000,0x000000a8a3a00000) (1024K)]
  0x000001e92f4d2a10 JavaThread "Reference Handler"          daemon [_thread_blocked, id=19148, stack(0x000000a8a3a00000,0x000000a8a3b00000) (1024K)]
  0x000001e92f4d5580 JavaThread "Finalizer"                  daemon [_thread_blocked, id=21132, stack(0x000000a8a3b00000,0x000000a8a3c00000) (1024K)]
  0x000001e92f4d6ff0 JavaThread "Signal Dispatcher"          daemon [_thread_blocked, id=18008, stack(0x000000a8a3c00000,0x000000a8a3d00000) (1024K)]
  0x000001e92f4d7a50 JavaThread "Attach Listener"            daemon [_thread_blocked, id=468, stack(0x000000a8a3d00000,0x000000a8a3e00000) (1024K)]
  0x000001e92f4dc510 JavaThread "Service Thread"             daemon [_thread_blocked, id=8152, stack(0x000000a8a3e00000,0x000000a8a3f00000) (1024K)]
  0x000001e92f4dcf70 JavaThread "Monitor Deflation Thread"   daemon [_thread_blocked, id=11364, stack(0x000000a8a3f00000,0x000000a8a4000000) (1024K)]
  0x000001e92f4ddf60 JavaThread "C2 CompilerThread0"         daemon [_thread_blocked, id=20564, stack(0x000000a8a4000000,0x000000a8a4100000) (1024K)]
  0x000001e9760230c0 JavaThread "C1 CompilerThread0"         daemon [_thread_blocked, id=5584, stack(0x000000a8a4100000,0x000000a8a4200000) (1024K)]
  0x000001e9761b25c0 JavaThread "Notification Thread"        daemon [_thread_blocked, id=11428, stack(0x000000a8a4400000,0x000000a8a4500000) (1024K)]
  0x000001e976728990 JavaThread "RMI TCP Accept-51471"       daemon [_thread_in_native, id=3064, stack(0x000000a8a4700000,0x000000a8a4800000) (1024K)]
  0x000001e97689b760 JavaThread "RMI TCP Accept-0"           daemon [_thread_in_native, id=21476, stack(0x000000a8a4800000,0x000000a8a4900000) (1024K)]
  0x000001e97684a1a0 JavaThread "RMI Reaper"                        [_thread_blocked, id=22472, stack(0x000000a8a4900000,0x000000a8a4a00000) (1024K)]
  0x000001e9766b1a50 JavaThread "RMI GC Daemon"              daemon [_thread_blocked, id=16212, stack(0x000000a8a4a00000,0x000000a8a4b00000) (1024K)]
  0x000001e9764a97d0 JavaThread "RMI TCP Connection(1)-127.0.0.1" daemon [_thread_in_native, id=22476, stack(0x000000a8a4b00000,0x000000a8a4c00000) (1024K)]
  0x000001e9769b30d0 JavaThread "RMI Scheduler(0)"           daemon [_thread_blocked, id=18524, stack(0x000000a8a4d00000,0x000000a8a4e00000) (1024K)]
  0x000001e9769b3740 JavaThread "RMI TCP Connection(3)-127.0.0.1" daemon [_thread_in_native, id=2588, stack(0x000000a8a4e00000,0x000000a8a4f00000) (1024K)]
  0x000001e976601220 JavaThread "RMI RenewClean-[127.0.0.1:14317]" daemon [_thread_blocked, id=21144, stack(0x000000a8a5000000,0x000000a8a5100000) (1024K)]
Total: 19

Other Threads:
=>0x000001e92f4b51c0 VMThread "VM Thread"                           [id=7096, stack(0x000000a8a3800000,0x000000a8a3900000) (1024K)]
  0x000001e92f4a4bd0 WatcherThread "VM Periodic Task Thread"        [id=3788, stack(0x000000a8a3700000,0x000000a8a3800000) (1024K)]
  0x000001e916c16280 WorkerThread "GC Thread#0"                     [id=3484, stack(0x000000a8a3200000,0x000000a8a3300000) (1024K)]
  0x000001e9769077b0 WorkerThread "GC Thread#1"                     [id=8860, stack(0x000000a8a5200000,0x000000a8a5300000) (1024K)]
  0x000001e9768acf80 WorkerThread "GC Thread#2"                     [id=9340, stack(0x000000a8a5300000,0x000000a8a5400000) (1024K)]
  0x000001e9768ad320 WorkerThread "GC Thread#3"                     [id=8592, stack(0x000000a8a5400000,0x000000a8a5500000) (1024K)]
  0x000001e976a01070 WorkerThread "GC Thread#4"                     [id=20340, stack(0x000000a8a5500000,0x000000a8a5600000) (1024K)]
  0x000001e976a01410 WorkerThread "GC Thread#5"                     [id=10456, stack(0x000000a8a5600000,0x000000a8a5700000) (1024K)]
  0x000001e976a017b0 WorkerThread "GC Thread#6"                     [id=17572, stack(0x000000a8a5700000,0x000000a8a5800000) (1024K)]
  0x000001e976a01b50 WorkerThread "GC Thread#7"                     [id=7316, stack(0x000000a8a5800000,0x000000a8a5900000) (1024K)]
  0x000001e976a01ef0 WorkerThread "GC Thread#8"                     [id=12404, stack(0x000000a8a5900000,0x000000a8a5a00000) (1024K)]
  0x000001e976a02290 WorkerThread "GC Thread#9"                     [id=19432, stack(0x000000a8a5a00000,0x000000a8a5b00000) (1024K)]
  0x000001e976a02630 WorkerThread "GC Thread#10"                    [id=18468, stack(0x000000a8a5b00000,0x000000a8a5c00000) (1024K)]
  0x000001e976a02de0 WorkerThread "GC Thread#11"                    [id=9264, stack(0x000000a8a5c00000,0x000000a8a5d00000) (1024K)]
  0x000001e976a03180 WorkerThread "GC Thread#12"                    [id=20440, stack(0x000000a8a5d00000,0x000000a8a5e00000) (1024K)]
  0x000001e916c27170 ConcurrentGCThread "G1 Main Marker"            [id=7888, stack(0x000000a8a3300000,0x000000a8a3400000) (1024K)]
  0x000001e916c27b80 WorkerThread "G1 Conc#0"                       [id=12584, stack(0x000000a8a3400000,0x000000a8a3500000) (1024K)]
  0x000001e92f36b490 ConcurrentGCThread "G1 Refine#0"               [id=6256, stack(0x000000a8a3500000,0x000000a8a3600000) (1024K)]
  0x000001e92f36bcb0 ConcurrentGCThread "G1 Service"                [id=11064, stack(0x000000a8a3600000,0x000000a8a3700000) (1024K)]
Total: 19

Threads with active compile tasks:
Total: 0

VM state: at safepoint (normal execution)

VM Mutex/Monitor currently owned by a thread:  ([mutex/lock_event])
[0x00007ff8427c1ac8] Threads_lock - owner thread: 0x000001e92f4b51c0
[0x00007ff8427c1bc8] Heap_lock - owner thread: 0x000001e9766b1a50

Heap address: 0x0000000080000000, size: 2048 MB, Compressed Oops mode: 32-bit

CDS archive(s) mapped at: [0x000001e930000000-0x000001e931bf0000-0x000001e931bf0000), size 29294592, SharedBaseAddress: 0x000001e930000000, ArchiveRelocationMode: 1.
Compressed class space mapped at: 0x000001e932000000-0x000001e972000000, reserved size: 1073741824
Narrow klass base: 0x000001e930000000, Narrow klass shift: 0, Narrow klass range: 0x100000000

GC Precious Log:
 CardTable entry size: 512
 Card Set container configuration: InlinePtr #cards 5 size 8 Array Of Cards #cards 12 size 40 Howl #buckets 4 coarsen threshold 1843 Howl Bitmap #cards 512 size 80 coarsen threshold 460 Card regions per heap region 1 cards per card region 2048
 CPUs: 16 total, 16 available
 Memory: 16085M
 Large Page Support: Disabled
 NUMA Support: Disabled
 Compressed Oops: Enabled (32-bit)
 Heap Region Size: 1M
 Heap Min Capacity: 128M
 Heap Initial Capacity: 128M
 Heap Max Capacity: 2G
 Pre-touch: Disabled
 Parallel Workers: 13
 Concurrent Workers: 3
 Concurrent Refinement Workers: 13
 Periodic GC: Disabled

Heap:
 garbage-first heap   total 131072K, used 40309K [0x0000000080000000, 0x0000000100000000)
  region size 1024K, 31 young (31744K), 3 survivors (3072K)
 Metaspace       used 9886K, committed 10304K, reserved 1114112K
  class space    used 1108K, committed 1280K, reserved 1048576K

Heap Regions: E=young(eden), S=young(survivor), O=old, HS=humongous(starts), HC=humongous(continues), CS=collection set, F=free, TAMS=top-at-mark-start, PB=parsable bottom
|   0|0x0000000080000000, 0x0000000080100000, 0x0000000080100000|100%|HS|  |TAMS 0x0000000080000000| PB 0x0000000080000000| Complete 
|   1|0x0000000080100000, 0x0000000080200000, 0x0000000080200000|100%|HC|  |TAMS 0x0000000080100000| PB 0x0000000080100000| Complete 
|   2|0x0000000080200000, 0x0000000080300000, 0x0000000080300000|100%|HS|  |TAMS 0x0000000080200000| PB 0x0000000080200000| Complete 
|   3|0x0000000080300000, 0x0000000080400000, 0x0000000080400000|100%|HS|  |TAMS 0x0000000080300000| PB 0x0000000080300000| Complete 
|   4|0x0000000080400000, 0x0000000080500000, 0x0000000080500000|100%| O|  |TAMS 0x0000000080400000| PB 0x0000000080400000| Untracked 
|   5|0x0000000080500000, 0x0000000080600000, 0x0000000080600000|100%| O|  |TAMS 0x0000000080500000| PB 0x0000000080500000| Untracked 
|   6|0x0000000080600000, 0x0000000080700000, 0x0000000080700000|100%| O|  |TAMS 0x0000000080600000| PB 0x0000000080600000| Untracked 
|   7|0x0000000080700000, 0x0000000080800000, 0x0000000080800000|100%| O|  |TAMS 0x0000000080700000| PB 0x0000000080700000| Untracked 
|   8|0x0000000080800000, 0x0000000080900000, 0x0000000080900000|100%| O|  |TAMS 0x0000000080800000| PB 0x0000000080800000| Untracked 
|   9|0x0000000080900000, 0x00000000809881f8, 0x0000000080a00000| 53%| O|  |TAMS 0x0000000080900000| PB 0x0000000080900000| Untracked 
|  10|0x0000000080a00000, 0x0000000080a00000, 0x0000000080b00000|  0%| F|  |TAMS 0x0000000080a00000| PB 0x0000000080a00000| Untracked 
|  11|0x0000000080b00000, 0x0000000080b00000, 0x0000000080c00000|  0%| F|  |TAMS 0x0000000080b00000| PB 0x0000000080b00000| Untracked 
|  12|0x0000000080c00000, 0x0000000080c00000, 0x0000000080d00000|  0%| F|  |TAMS 0x0000000080c00000| PB 0x0000000080c00000| Untracked 
|  13|0x0000000080d00000, 0x0000000080d00000, 0x0000000080e00000|  0%| F|  |TAMS 0x0000000080d00000| PB 0x0000000080d00000| Untracked 
|  14|0x0000000080e00000, 0x0000000080e00000, 0x0000000080f00000|  0%| F|  |TAMS 0x0000000080e00000| PB 0x0000000080e00000| Untracked 
|  15|0x0000000080f00000, 0x0000000080f00000, 0x0000000081000000|  0%| F|  |TAMS 0x0000000080f00000| PB 0x0000000080f00000| Untracked 
|  16|0x0000000081000000, 0x0000000081000000, 0x0000000081100000|  0%| F|  |TAMS 0x0000000081000000| PB 0x0000000081000000| Untracked 
|  17|0x0000000081100000, 0x0000000081100000, 0x0000000081200000|  0%| F|  |TAMS 0x0000000081100000| PB 0x0000000081100000| Untracked 
|  18|0x0000000081200000, 0x0000000081200000, 0x0000000081300000|  0%| F|  |TAMS 0x0000000081200000| PB 0x0000000081200000| Untracked 
|  19|0x0000000081300000, 0x0000000081300000, 0x0000000081400000|  0%| F|  |TAMS 0x0000000081300000| PB 0x0000000081300000| Untracked 
|  20|0x0000000081400000, 0x0000000081400000, 0x0000000081500000|  0%| F|  |TAMS 0x0000000081400000| PB 0x0000000081400000| Untracked 
|  21|0x0000000081500000, 0x0000000081500000, 0x0000000081600000|  0%| F|  |TAMS 0x0000000081500000| PB 0x0000000081500000| Untracked 
|  22|0x0000000081600000, 0x0000000081600000, 0x0000000081700000|  0%| F|  |TAMS 0x0000000081600000| PB 0x0000000081600000| Untracked 
|  23|0x0000000081700000, 0x0000000081700000, 0x0000000081800000|  0%| F|  |TAMS 0x0000000081700000| PB 0x0000000081700000| Untracked 
|  24|0x0000000081800000, 0x0000000081800000, 0x0000000081900000|  0%| F|  |TAMS 0x0000000081800000| PB 0x0000000081800000| Untracked 
|  25|0x0000000081900000, 0x0000000081900000, 0x0000000081a00000|  0%| F|  |TAMS 0x0000000081900000| PB 0x0000000081900000| Untracked 
|  26|0x0000000081a00000, 0x0000000081a00000, 0x0000000081b00000|  0%| F|  |TAMS 0x0000000081a00000| PB 0x0000000081a00000| Untracked 
|  27|0x0000000081b00000, 0x0000000081b00000, 0x0000000081c00000|  0%| F|  |TAMS 0x0000000081b00000| PB 0x0000000081b00000| Untracked 
|  28|0x0000000081c00000, 0x0000000081c00000, 0x0000000081d00000|  0%| F|  |TAMS 0x0000000081c00000| PB 0x0000000081c00000| Untracked 
|  29|0x0000000081d00000, 0x0000000081d00000, 0x0000000081e00000|  0%| F|  |TAMS 0x0000000081d00000| PB 0x0000000081d00000| Untracked 
|  30|0x0000000081e00000, 0x0000000081e00000, 0x0000000081f00000|  0%| F|  |TAMS 0x0000000081e00000| PB 0x0000000081e00000| Untracked 
|  31|0x0000000081f00000, 0x0000000081f00000, 0x0000000082000000|  0%| F|  |TAMS 0x0000000081f00000| PB 0x0000000081f00000| Untracked 
|  32|0x0000000082000000, 0x0000000082000000, 0x0000000082100000|  0%| F|  |TAMS 0x0000000082000000| PB 0x0000000082000000| Untracked 
|  33|0x0000000082100000, 0x0000000082100000, 0x0000000082200000|  0%| F|  |TAMS 0x0000000082100000| PB 0x0000000082100000| Untracked 
|  34|0x0000000082200000, 0x0000000082200000, 0x0000000082300000|  0%| F|  |TAMS 0x0000000082200000| PB 0x0000000082200000| Untracked 
|  35|0x0000000082300000, 0x0000000082300000, 0x0000000082400000|  0%| F|  |TAMS 0x0000000082300000| PB 0x0000000082300000| Untracked 
|  36|0x0000000082400000, 0x0000000082400000, 0x0000000082500000|  0%| F|  |TAMS 0x0000000082400000| PB 0x0000000082400000| Untracked 
|  37|0x0000000082500000, 0x0000000082500000, 0x0000000082600000|  0%| F|  |TAMS 0x0000000082500000| PB 0x0000000082500000| Untracked 
|  38|0x0000000082600000, 0x0000000082600000, 0x0000000082700000|  0%| F|  |TAMS 0x0000000082600000| PB 0x0000000082600000| Untracked 
|  39|0x0000000082700000, 0x0000000082700000, 0x0000000082800000|  0%| F|  |TAMS 0x0000000082700000| PB 0x0000000082700000| Untracked 
|  40|0x0000000082800000, 0x0000000082800000, 0x0000000082900000|  0%| F|  |TAMS 0x0000000082800000| PB 0x0000000082800000| Untracked 
|  41|0x0000000082900000, 0x0000000082900000, 0x0000000082a00000|  0%| F|  |TAMS 0x0000000082900000| PB 0x0000000082900000| Untracked 
|  42|0x0000000082a00000, 0x0000000082a00000, 0x0000000082b00000|  0%| F|  |TAMS 0x0000000082a00000| PB 0x0000000082a00000| Untracked 
|  43|0x0000000082b00000, 0x0000000082b00000, 0x0000000082c00000|  0%| F|  |TAMS 0x0000000082b00000| PB 0x0000000082b00000| Untracked 
|  44|0x0000000082c00000, 0x0000000082c00000, 0x0000000082d00000|  0%| F|  |TAMS 0x0000000082c00000| PB 0x0000000082c00000| Untracked 
|  45|0x0000000082d00000, 0x0000000082d00000, 0x0000000082e00000|  0%| F|  |TAMS 0x0000000082d00000| PB 0x0000000082d00000| Untracked 
|  46|0x0000000082e00000, 0x0000000082e00000, 0x0000000082f00000|  0%| F|  |TAMS 0x0000000082e00000| PB 0x0000000082e00000| Untracked 
|  47|0x0000000082f00000, 0x0000000082f00000, 0x0000000083000000|  0%| F|  |TAMS 0x0000000082f00000| PB 0x0000000082f00000| Untracked 
|  48|0x0000000083000000, 0x0000000083000000, 0x0000000083100000|  0%| F|  |TAMS 0x0000000083000000| PB 0x0000000083000000| Untracked 
|  49|0x0000000083100000, 0x0000000083100000, 0x0000000083200000|  0%| F|  |TAMS 0x0000000083100000| PB 0x0000000083100000| Untracked 
|  50|0x0000000083200000, 0x0000000083200000, 0x0000000083300000|  0%| F|  |TAMS 0x0000000083200000| PB 0x0000000083200000| Untracked 
|  51|0x0000000083300000, 0x0000000083300000, 0x0000000083400000|  0%| F|  |TAMS 0x0000000083300000| PB 0x0000000083300000| Untracked 
|  52|0x0000000083400000, 0x0000000083400000, 0x0000000083500000|  0%| F|  |TAMS 0x0000000083400000| PB 0x0000000083400000| Untracked 
|  53|0x0000000083500000, 0x0000000083500000, 0x0000000083600000|  0%| F|  |TAMS 0x0000000083500000| PB 0x0000000083500000| Untracked 
|  54|0x0000000083600000, 0x0000000083600000, 0x0000000083700000|  0%| F|  |TAMS 0x0000000083600000| PB 0x0000000083600000| Untracked 
|  55|0x0000000083700000, 0x0000000083700000, 0x0000000083800000|  0%| F|  |TAMS 0x0000000083700000| PB 0x0000000083700000| Untracked 
|  56|0x0000000083800000, 0x0000000083800000, 0x0000000083900000|  0%| F|  |TAMS 0x0000000083800000| PB 0x0000000083800000| Untracked 
|  57|0x0000000083900000, 0x0000000083900000, 0x0000000083a00000|  0%| F|  |TAMS 0x0000000083900000| PB 0x0000000083900000| Untracked 
|  58|0x0000000083a00000, 0x0000000083a00000, 0x0000000083b00000|  0%| F|  |TAMS 0x0000000083a00000| PB 0x0000000083a00000| Untracked 
|  59|0x0000000083b00000, 0x0000000083b00000, 0x0000000083c00000|  0%| F|  |TAMS 0x0000000083b00000| PB 0x0000000083b00000| Untracked 
|  60|0x0000000083c00000, 0x0000000083c00000, 0x0000000083d00000|  0%| F|  |TAMS 0x0000000083c00000| PB 0x0000000083c00000| Untracked 
|  61|0x0000000083d00000, 0x0000000083d00000, 0x0000000083e00000|  0%| F|  |TAMS 0x0000000083d00000| PB 0x0000000083d00000| Untracked 
|  62|0x0000000083e00000, 0x0000000083e00000, 0x0000000083f00000|  0%| F|  |TAMS 0x0000000083e00000| PB 0x0000000083e00000| Untracked 
|  63|0x0000000083f00000, 0x0000000083f00000, 0x0000000084000000|  0%| F|  |TAMS 0x0000000083f00000| PB 0x0000000083f00000| Untracked 
|  64|0x0000000084000000, 0x0000000084000000, 0x0000000084100000|  0%| F|  |TAMS 0x0000000084000000| PB 0x0000000084000000| Untracked 
|  65|0x0000000084100000, 0x0000000084100000, 0x0000000084200000|  0%| F|  |TAMS 0x0000000084100000| PB 0x0000000084100000| Untracked 
|  66|0x0000000084200000, 0x0000000084200000, 0x0000000084300000|  0%| F|  |TAMS 0x0000000084200000| PB 0x0000000084200000| Untracked 
|  67|0x0000000084300000, 0x0000000084300000, 0x0000000084400000|  0%| F|  |TAMS 0x0000000084300000| PB 0x0000000084300000| Untracked 
|  68|0x0000000084400000, 0x0000000084400000, 0x0000000084500000|  0%| F|  |TAMS 0x0000000084400000| PB 0x0000000084400000| Untracked 
|  69|0x0000000084500000, 0x0000000084500000, 0x0000000084600000|  0%| F|  |TAMS 0x0000000084500000| PB 0x0000000084500000| Untracked 
|  70|0x0000000084600000, 0x0000000084600000, 0x0000000084700000|  0%| F|  |TAMS 0x0000000084600000| PB 0x0000000084600000| Untracked 
|  71|0x0000000084700000, 0x0000000084700000, 0x0000000084800000|  0%| F|  |TAMS 0x0000000084700000| PB 0x0000000084700000| Untracked 
|  72|0x0000000084800000, 0x0000000084800000, 0x0000000084900000|  0%| F|  |TAMS 0x0000000084800000| PB 0x0000000084800000| Untracked 
|  73|0x0000000084900000, 0x0000000084900000, 0x0000000084a00000|  0%| F|  |TAMS 0x0000000084900000| PB 0x0000000084900000| Untracked 
|  74|0x0000000084a00000, 0x0000000084a00000, 0x0000000084b00000|  0%| F|  |TAMS 0x0000000084a00000| PB 0x0000000084a00000| Untracked 
|  75|0x0000000084b00000, 0x0000000084b00000, 0x0000000084c00000|  0%| F|  |TAMS 0x0000000084b00000| PB 0x0000000084b00000| Untracked 
|  76|0x0000000084c00000, 0x0000000084c00000, 0x0000000084d00000|  0%| F|  |TAMS 0x0000000084c00000| PB 0x0000000084c00000| Untracked 
|  77|0x0000000084d00000, 0x0000000084d00000, 0x0000000084e00000|  0%| F|  |TAMS 0x0000000084d00000| PB 0x0000000084d00000| Untracked 
|  78|0x0000000084e00000, 0x0000000084e00000, 0x0000000084f00000|  0%| F|  |TAMS 0x0000000084e00000| PB 0x0000000084e00000| Untracked 
|  79|0x0000000084f00000, 0x0000000084f00000, 0x0000000085000000|  0%| F|  |TAMS 0x0000000084f00000| PB 0x0000000084f00000| Untracked 
|  80|0x0000000085000000, 0x0000000085000000, 0x0000000085100000|  0%| F|  |TAMS 0x0000000085000000| PB 0x0000000085000000| Untracked 
|  81|0x0000000085100000, 0x0000000085100000, 0x0000000085200000|  0%| F|  |TAMS 0x0000000085100000| PB 0x0000000085100000| Untracked 
|  82|0x0000000085200000, 0x0000000085200000, 0x0000000085300000|  0%| F|  |TAMS 0x0000000085200000| PB 0x0000000085200000| Untracked 
|  83|0x0000000085300000, 0x0000000085300000, 0x0000000085400000|  0%| F|  |TAMS 0x0000000085300000| PB 0x0000000085300000| Untracked 
|  84|0x0000000085400000, 0x0000000085400000, 0x0000000085500000|  0%| F|  |TAMS 0x0000000085400000| PB 0x0000000085400000| Untracked 
|  85|0x0000000085500000, 0x0000000085500000, 0x0000000085600000|  0%| F|  |TAMS 0x0000000085500000| PB 0x0000000085500000| Untracked 
|  86|0x0000000085600000, 0x0000000085600000, 0x0000000085700000|  0%| F|  |TAMS 0x0000000085600000| PB 0x0000000085600000| Untracked 
|  87|0x0000000085700000, 0x0000000085700000, 0x0000000085800000|  0%| F|  |TAMS 0x0000000085700000| PB 0x0000000085700000| Untracked 
|  88|0x0000000085800000, 0x0000000085800000, 0x0000000085900000|  0%| F|  |TAMS 0x0000000085800000| PB 0x0000000085800000| Untracked 
|  89|0x0000000085900000, 0x0000000085900000, 0x0000000085a00000|  0%| F|  |TAMS 0x0000000085900000| PB 0x0000000085900000| Untracked 
|  90|0x0000000085a00000, 0x0000000085a00000, 0x0000000085b00000|  0%| F|  |TAMS 0x0000000085a00000| PB 0x0000000085a00000| Untracked 
|  91|0x0000000085b00000, 0x0000000085b00000, 0x0000000085c00000|  0%| F|  |TAMS 0x0000000085b00000| PB 0x0000000085b00000| Untracked 
|  92|0x0000000085c00000, 0x0000000085c00000, 0x0000000085d00000|  0%| F|  |TAMS 0x0000000085c00000| PB 0x0000000085c00000| Untracked 
|  93|0x0000000085d00000, 0x0000000085d00000, 0x0000000085e00000|  0%| F|  |TAMS 0x0000000085d00000| PB 0x0000000085d00000| Untracked 
|  94|0x0000000085e00000, 0x0000000085e00000, 0x0000000085f00000|  0%| F|  |TAMS 0x0000000085e00000| PB 0x0000000085e00000| Untracked 
|  95|0x0000000085f00000, 0x0000000085fd53c0, 0x0000000086000000| 83%| S|CS|TAMS 0x0000000085f00000| PB 0x0000000085f00000| Complete 
|  96|0x0000000086000000, 0x0000000086100000, 0x0000000086100000|100%| S|CS|TAMS 0x0000000086000000| PB 0x0000000086000000| Complete 
|  97|0x0000000086100000, 0x0000000086200000, 0x0000000086200000|100%| S|CS|TAMS 0x0000000086100000| PB 0x0000000086100000| Complete 
|  98|0x0000000086200000, 0x0000000086200000, 0x0000000086300000|  0%| F|  |TAMS 0x0000000086200000| PB 0x0000000086200000| Untracked 
|  99|0x0000000086300000, 0x0000000086300000, 0x0000000086400000|  0%| F|  |TAMS 0x0000000086300000| PB 0x0000000086300000| Untracked 
| 100|0x0000000086400000, 0x0000000086458e38, 0x0000000086500000| 34%| E|  |TAMS 0x0000000086400000| PB 0x0000000086400000| Complete 
| 101|0x0000000086500000, 0x0000000086600000, 0x0000000086600000|100%| E|CS|TAMS 0x0000000086500000| PB 0x0000000086500000| Complete 
| 102|0x0000000086600000, 0x0000000086700000, 0x0000000086700000|100%| E|CS|TAMS 0x0000000086600000| PB 0x0000000086600000| Complete 
| 103|0x0000000086700000, 0x0000000086800000, 0x0000000086800000|100%| E|CS|TAMS 0x0000000086700000| PB 0x0000000086700000| Complete 
| 104|0x0000000086800000, 0x0000000086900000, 0x0000000086900000|100%| E|CS|TAMS 0x0000000086800000| PB 0x0000000086800000| Complete 
| 105|0x0000000086900000, 0x0000000086a00000, 0x0000000086a00000|100%| E|CS|TAMS 0x0000000086900000| PB 0x0000000086900000| Complete 
| 106|0x0000000086a00000, 0x0000000086b00000, 0x0000000086b00000|100%| E|CS|TAMS 0x0000000086a00000| PB 0x0000000086a00000| Complete 
| 107|0x0000000086b00000, 0x0000000086c00000, 0x0000000086c00000|100%| E|CS|TAMS 0x0000000086b00000| PB 0x0000000086b00000| Complete 
| 108|0x0000000086c00000, 0x0000000086d00000, 0x0000000086d00000|100%| E|CS|TAMS 0x0000000086c00000| PB 0x0000000086c00000| Complete 
| 109|0x0000000086d00000, 0x0000000086e00000, 0x0000000086e00000|100%| E|CS|TAMS 0x0000000086d00000| PB 0x0000000086d00000| Complete 
| 110|0x0000000086e00000, 0x0000000086f00000, 0x0000000086f00000|100%| E|CS|TAMS 0x0000000086e00000| PB 0x0000000086e00000| Complete 
| 111|0x0000000086f00000, 0x0000000087000000, 0x0000000087000000|100%| E|CS|TAMS 0x0000000086f00000| PB 0x0000000086f00000| Complete 
| 112|0x0000000087000000, 0x0000000087100000, 0x0000000087100000|100%| E|CS|TAMS 0x0000000087000000| PB 0x0000000087000000| Complete 
| 113|0x0000000087100000, 0x0000000087200000, 0x0000000087200000|100%| E|CS|TAMS 0x0000000087100000| PB 0x0000000087100000| Complete 
| 114|0x0000000087200000, 0x0000000087300000, 0x0000000087300000|100%| E|CS|TAMS 0x0000000087200000| PB 0x0000000087200000| Complete 
| 115|0x0000000087300000, 0x0000000087400000, 0x0000000087400000|100%| E|CS|TAMS 0x0000000087300000| PB 0x0000000087300000| Complete 
| 116|0x0000000087400000, 0x0000000087500000, 0x0000000087500000|100%| E|CS|TAMS 0x0000000087400000| PB 0x0000000087400000| Complete 
| 117|0x0000000087500000, 0x0000000087600000, 0x0000000087600000|100%| E|CS|TAMS 0x0000000087500000| PB 0x0000000087500000| Complete 
| 118|0x0000000087600000, 0x0000000087700000, 0x0000000087700000|100%| E|CS|TAMS 0x0000000087600000| PB 0x0000000087600000| Complete 
| 119|0x0000000087700000, 0x0000000087800000, 0x0000000087800000|100%| E|CS|TAMS 0x0000000087700000| PB 0x0000000087700000| Complete 
| 120|0x0000000087800000, 0x0000000087900000, 0x0000000087900000|100%| E|CS|TAMS 0x0000000087800000| PB 0x0000000087800000| Complete 
| 121|0x0000000087900000, 0x0000000087a00000, 0x0000000087a00000|100%| E|CS|TAMS 0x0000000087900000| PB 0x0000000087900000| Complete 
| 122|0x0000000087a00000, 0x0000000087b00000, 0x0000000087b00000|100%| E|CS|TAMS 0x0000000087a00000| PB 0x0000000087a00000| Complete 
| 123|0x0000000087b00000, 0x0000000087c00000, 0x0000000087c00000|100%| E|CS|TAMS 0x0000000087b00000| PB 0x0000000087b00000| Complete 
| 124|0x0000000087c00000, 0x0000000087d00000, 0x0000000087d00000|100%| E|CS|TAMS 0x0000000087c00000| PB 0x0000000087c00000| Complete 
| 125|0x0000000087d00000, 0x0000000087e00000, 0x0000000087e00000|100%| E|CS|TAMS 0x0000000087d00000| PB 0x0000000087d00000| Complete 
| 126|0x0000000087e00000, 0x0000000087f00000, 0x0000000087f00000|100%| E|CS|TAMS 0x0000000087e00000| PB 0x0000000087e00000| Complete 
| 127|0x0000000087f00000, 0x0000000088000000, 0x0000000088000000|100%| E|CS|TAMS 0x0000000087f00000| PB 0x0000000087f00000| Complete 

Card table byte_map: [0x000001e92a880000,0x000001e92ac80000] _byte_map_base: 0x000001e92a480000

Marking Bits: (CMBitMap*) 0x000001e916c16890
 Bits: [0x000001e92ac80000, 0x000001e92cc80000)

Polling page: 0x000001e914a80000

Metaspace:

Usage:
  Non-class:      8.57 MB used.
      Class:      1.08 MB used.
       Both:      9.65 MB used.

Virtual space:
  Non-class space:       64.00 MB reserved,       8.81 MB ( 14%) committed,  1 nodes.
      Class space:        1.00 GB reserved,       1.25 MB ( <1%) committed,  1 nodes.
             Both:        1.06 GB reserved,      10.06 MB ( <1%) committed. 

Chunk freelists:
   Non-Class:  6.53 MB
       Class:  14.78 MB
        Both:  21.31 MB

MaxMetaspaceSize: unlimited
CompressedClassSpaceSize: 1.00 GB
Initial GC threshold: 21.00 MB
Current GC threshold: 21.00 MB
CDS: on
 - commit_granule_bytes: 65536.
 - commit_granule_words: 8192.
 - virtual_space_node_default_size: 8388608.
 - enlarge_chunks_in_place: 1.
 - use_allocation_guard: 0.


Internal statistics:

num_allocs_failed_limit: 0.
num_arena_births: 532.
num_arena_deaths: 0.
num_vsnodes_births: 2.
num_vsnodes_deaths: 0.
num_space_committed: 161.
num_space_uncommitted: 0.
num_chunks_returned_to_freelist: 0.
num_chunks_taken_from_freelist: 940.
num_chunk_merges: 0.
num_chunk_splits: 579.
num_chunks_enlarged: 282.
num_inconsistent_stats: 0.

CodeHeap 'non-profiled nmethods': size=119168Kb used=1495Kb max_used=1495Kb free=117672Kb
 bounds [0x000001e9227a0000, 0x000001e922a10000, 0x000001e929c00000]
CodeHeap 'profiled nmethods': size=119104Kb used=6151Kb max_used=6151Kb free=112952Kb
 bounds [0x000001e91ac00000, 0x000001e91b210000, 0x000001e922050000]
CodeHeap 'non-nmethods': size=7488Kb used=1435Kb max_used=3199Kb free=6053Kb
 bounds [0x000001e922050000, 0x000001e922380000, 0x000001e9227a0000]
 total_blobs=3616 nmethods=3088 adapters=432
 compilation: enabled
              stopped_count=0, restarted_count=0
 full_count=0

Compilation events (20 events):
Event: 2822.285 Thread 0x000001e9760230c0 3079   !   3       jdk.internal.ref.PhantomCleanable::isListEmpty (34 bytes)
Event: 2822.286 Thread 0x000001e9760230c0 nmethod 3079 0x000001e91b200390 code [0x000001e91b200540, 0x000001e91b200798]
Event: 2822.286 Thread 0x000001e9760230c0 3080       3       jdk.internal.misc.InnocuousThread::eraseThreadLocals (23 bytes)
Event: 2822.286 Thread 0x000001e9760230c0 nmethod 3080 0x000001e91b200890 code [0x000001e91b200a40, 0x000001e91b200c28]
Event: 2928.038 Thread 0x000001e92f4ddf60 3081       4       java.io.BufferedInputStream::fill (204 bytes)
Event: 2928.097 Thread 0x000001e92f4ddf60 nmethod 3081 0x000001e9228fff90 code [0x000001e9229005e0, 0x000001e922905520]
Event: 3093.762 Thread 0x000001e92f4ddf60 3082       4       java.lang.reflect.Constructor::newInstanceWithCaller (51 bytes)
Event: 3093.764 Thread 0x000001e92f4ddf60 nmethod 3082 0x000001e922908c10 code [0x000001e922908dc0, 0x000001e922908ef0]
Event: 3144.155 Thread 0x000001e92f4ddf60 3083       4       java.io.FilterInputStream::read (8 bytes)
Event: 3144.176 Thread 0x000001e92f4ddf60 nmethod 3083 0x000001e922909010 code [0x000001e922909240, 0x000001e922909a98]
Event: 3202.475 Thread 0x000001e92f4ddf60 3084       4       java.util.HashMap::put (13 bytes)
Event: 3202.486 Thread 0x000001e92f4ddf60 nmethod 3084 0x000001e92290a010 code [0x000001e92290a220, 0x000001e92290adc0]
Event: 3288.231 Thread 0x000001e92f4ddf60 3085       4       java.io.ObjectOutputStream$BlockDataOutputStream::setBlockDataMode (35 bytes)
Event: 3288.241 Thread 0x000001e92f4ddf60 nmethod 3085 0x000001e92290b390 code [0x000001e92290b5e0, 0x000001e92290c080]
Event: 3351.258 Thread 0x000001e92f4ddf60 3086       4       java.lang.Class::reflectionData (43 bytes)
Event: 3351.265 Thread 0x000001e92f4ddf60 nmethod 3086 0x000001e92290c890 code [0x000001e92290ca40, 0x000001e92290cbf0]
Event: 3454.511 Thread 0x000001e9760230c0 3087       3       java.lang.invoke.LambdaForm$MH/0x000001e932137c00::invoke (60 bytes)
Event: 3454.511 Thread 0x000001e9760230c0 nmethod 3087 0x000001e91b200c90 code [0x000001e91b200f20, 0x000001e91b201b58]
Event: 3475.080 Thread 0x000001e92f4ddf60 3088   !   4       java.io.ObjectInputStream::readSerialData (474 bytes)
Event: 3475.189 Thread 0x000001e92f4ddf60 nmethod 3088 0x000001e92290cd10 code [0x000001e92290d2c0, 0x000001e922912850]

GC Heap History (5 events):
Event: 0.582 GC heap before
{Heap before GC invocations=0 (full 0):
 garbage-first heap   total 131072K, used 27648K [0x0000000080000000, 0x0000000100000000)
  region size 1024K, 23 young (23552K), 0 survivors (0K)
 Metaspace       used 5697K, committed 6144K, reserved 1114112K
  class space    used 745K, committed 960K, reserved 1048576K
}
Event: 0.589 GC heap after
{Heap after GC invocations=1 (full 0):
 garbage-first heap   total 131072K, used 9580K [0x0000000080000000, 0x0000000100000000)
  region size 1024K, 3 young (3072K), 3 survivors (3072K)
 Metaspace       used 5697K, committed 6144K, reserved 1114112K
  class space    used 745K, committed 960K, reserved 1048576K
}
Event: 2.154 GC heap before
{Heap before GC invocations=1 (full 0):
 garbage-first heap   total 131072K, used 37228K [0x0000000080000000, 0x0000000100000000)
  region size 1024K, 30 young (30720K), 3 survivors (3072K)
 Metaspace       used 9629K, committed 9984K, reserved 1114112K
  class space    used 1103K, committed 1280K, reserved 1048576K
}
Event: 2.160 GC heap after
{Heap after GC invocations=2 (full 0):
 garbage-first heap   total 131072K, used 12661K [0x0000000080000000, 0x0000000100000000)
  region size 1024K, 3 young (3072K), 3 survivors (3072K)
 Metaspace       used 9629K, committed 9984K, reserved 1114112K
  class space    used 1103K, committed 1280K, reserved 1048576K
}
Event: 4612.023 GC heap before
{Heap before GC invocations=2 (full 0):
 garbage-first heap   total 131072K, used 40309K [0x0000000080000000, 0x0000000100000000)
  region size 1024K, 31 young (31744K), 3 survivors (3072K)
 Metaspace       used 9886K, committed 10304K, reserved 1114112K
  class space    used 1108K, committed 1280K, reserved 1048576K
}

Dll operation events (2 events):
Event: 0.006 Loaded shared library C:\Users\Radka\AppData\Local\Programs\IntelliJ IDEA Ultimate\jbr\bin\java.dll
Event: 0.077 Loaded shared library C:\Users\Radka\AppData\Local\Programs\IntelliJ IDEA Ultimate\jbr\bin\zip.dll

Deoptimization events (20 events):
Event: 300.462 Thread 0x000001e976601220 Uncommon trap: trap_request=0xffffffde fr.pc=0x000001e9228ddee0 relative=0x0000000000000220
Event: 300.462 Thread 0x000001e976601220 Uncommon trap: reason=class_check action=maybe_recompile pc=0x000001e9228ddee0 method=java.io.ObjectInputStream.filterCheck(Ljava/lang/Class;I)V @ 55 c2
Event: 300.462 Thread 0x000001e976601220 DEOPT PACKING pc=0x000001e9228ddee0 sp=0x000000a8a50feaf0
Event: 300.462 Thread 0x000001e976601220 DEOPT UNPACKING pc=0x000001e9220a46a2 sp=0x000000a8a50fea88 mode 2
Event: 300.462 Thread 0x000001e976601220 Uncommon trap: trap_request=0xffffffde fr.pc=0x000001e9228ddee0 relative=0x0000000000000220
Event: 300.462 Thread 0x000001e976601220 Uncommon trap: reason=class_check action=maybe_recompile pc=0x000001e9228ddee0 method=java.io.ObjectInputStream.filterCheck(Ljava/lang/Class;I)V @ 55 c2
Event: 300.462 Thread 0x000001e976601220 DEOPT PACKING pc=0x000001e9228ddee0 sp=0x000000a8a50fe740
Event: 300.462 Thread 0x000001e976601220 DEOPT UNPACKING pc=0x000001e9220a46a2 sp=0x000000a8a50fe6d8 mode 2
Event: 300.462 Thread 0x000001e976601220 Uncommon trap: trap_request=0xffffffde fr.pc=0x000001e9228ddee0 relative=0x0000000000000220
Event: 300.462 Thread 0x000001e976601220 Uncommon trap: reason=class_check action=maybe_recompile pc=0x000001e9228ddee0 method=java.io.ObjectInputStream.filterCheck(Ljava/lang/Class;I)V @ 55 c2
Event: 300.462 Thread 0x000001e976601220 DEOPT PACKING pc=0x000001e9228ddee0 sp=0x000000a8a50fe3e0
Event: 300.462 Thread 0x000001e976601220 DEOPT UNPACKING pc=0x000001e9220a46a2 sp=0x000000a8a50fe378 mode 2
Event: 300.462 Thread 0x000001e976601220 Uncommon trap: trap_request=0xffffffde fr.pc=0x000001e9228ddee0 relative=0x0000000000000220
Event: 300.462 Thread 0x000001e976601220 Uncommon trap: reason=class_check action=maybe_recompile pc=0x000001e9228ddee0 method=java.io.ObjectInputStream.filterCheck(Ljava/lang/Class;I)V @ 55 c2
Event: 300.462 Thread 0x000001e976601220 DEOPT PACKING pc=0x000001e9228ddee0 sp=0x000000a8a50fe4e0
Event: 300.462 Thread 0x000001e976601220 DEOPT UNPACKING pc=0x000001e9220a46a2 sp=0x000000a8a50fe478 mode 2
Event: 3481.529 Thread 0x000001e9769b3740 Uncommon trap: trap_request=0xffffffcc fr.pc=0x000001e922911668 relative=0x00000000000043a8
Event: 3481.529 Thread 0x000001e9769b3740 Uncommon trap: reason=intrinsic_or_type_checked_inlining action=make_not_entrant pc=0x000001e922911668 method=java.util.ArrayList.toArray([Ljava/lang/Object;)[Ljava/lang/Object; @ 36 c2
Event: 3481.529 Thread 0x000001e9769b3740 DEOPT PACKING pc=0x000001e922911668 sp=0x000000a8a4efe2a0
Event: 3481.530 Thread 0x000001e9769b3740 DEOPT UNPACKING pc=0x000001e9220a46a2 sp=0x000000a8a4efe118 mode 2

Classes loaded (20 events):
Event: 0.681 Loading class com/sun/crypto/provider/PBKDF2Core done
Event: 0.681 Loading class com/sun/crypto/provider/PBKDF2Core$HmacSHA256 done
Event: 0.682 Loading class javax/crypto/spec/PBEKeySpec
Event: 0.682 Loading class javax/crypto/spec/PBEKeySpec done
Event: 0.682 Loading class com/sun/crypto/provider/PBKDF2KeyImpl
Event: 0.682 Loading class javax/crypto/interfaces/PBEKey
Event: 0.682 Loading class javax/crypto/interfaces/PBEKey done
Event: 0.682 Loading class com/sun/crypto/provider/PBKDF2KeyImpl done
Event: 0.682 Loading class com/sun/crypto/provider/PBKDF2KeyImpl$1
Event: 0.682 Loading class com/sun/crypto/provider/PBKDF2KeyImpl$1 done
Event: 0.734 Loading class java/util/SimpleTimeZone
Event: 0.735 Loading class java/util/SimpleTimeZone done
Event: 0.736 Loading class java/time/LocalDateTime$1
Event: 0.736 Loading class java/time/LocalDateTime$1 done
Event: 0.736 Loading class java/time/chrono/IsoEra
Event: 0.736 Loading class java/time/chrono/Era
Event: 0.736 Loading class java/time/chrono/Era done
Event: 0.736 Loading class java/time/chrono/IsoEra done
Event: 0.841 Loading class java/lang/invoke/BoundMethodHandle$Species_LI
Event: 0.841 Loading class java/lang/invoke/BoundMethodHandle$Species_LI done

Classes unloaded (0 events):
No events

Classes redefined (0 events):
No events

Internal exceptions (20 events):
Event: 0.795 Thread 0x000001e9769b3740 Exception <a 'java/lang/NoSuchMethodError'{0x00000000877c4ab8}: 'void java.lang.invoke.DirectMethodHandle$Holder.invokeSpecial(java.lang.Object, java.lang.Object, java.lang.Object, java.lang.Object, java.lang.Object)'> (0x00000000877c4ab8) 
thrown [s\src\hotspot\share\interpreter\linkResolver.cpp, line 784]
Event: 0.840 Thread 0x000001e9769b3740 Exception <a 'java/lang/NoSuchMethodError'{0x000000008755cac0}: 'int java.lang.invoke.DirectMethodHandle$Holder.invokeInterface(java.lang.Object, java.lang.Object, int)'> (0x000000008755cac0) 
thrown [s\src\hotspot\share\interpreter\linkResolver.cpp, line 784]
Event: 0.841 Thread 0x000001e9769b3740 Exception <a 'java/lang/NoSuchMethodError'{0x0000000087560f10}: 'int java.lang.invoke.DirectMethodHandle$Holder.invokeSpecial(java.lang.Object, java.lang.Object, java.lang.Object, int)'> (0x0000000087560f10) 
thrown [s\src\hotspot\share\interpreter\linkResolver.cpp, line 784]
Event: 0.843 Thread 0x000001e9769b3740 Exception <a 'java/lang/NoSuchMethodError'{0x00000000875731b0}: 'java.lang.Object java.lang.invoke.DirectMethodHandle$Holder.invokeStatic(java.lang.Object, java.lang.Object, java.lang.Object, java.lang.Object, int)'> (0x00000000875731b0) 
thrown [s\src\hotspot\share\interpreter\linkResolver.cpp, line 784]
Event: 0.855 Thread 0x000001e9769b3740 Exception <a 'java/lang/NoSuchMethodError'{0x000000008759e290}: 'void java.lang.invoke.DirectMethodHandle$Holder.invokeInterface(java.lang.Object, java.lang.Object, int)'> (0x000000008759e290) 
thrown [s\src\hotspot\share\interpreter\linkResolver.cpp, line 784]
Event: 0.856 Thread 0x000001e9769b3740 Exception <a 'java/lang/NoSuchMethodError'{0x00000000875a2118}: 'void java.lang.invoke.DelegatingMethodHandle$Holder.reinvoke_L(java.lang.Object, java.lang.Object, int)'> (0x00000000875a2118) 
thrown [s\src\hotspot\share\interpreter\linkResolver.cpp, line 784]
Event: 0.903 Thread 0x000001e9769b3740 Exception <a 'java/lang/NoSuchMethodError'{0x000000008738cb48}: 'java.lang.Object java.lang.invoke.DirectMethodHandle$Holder.invokeInterface(java.lang.Object, java.lang.Object, int)'> (0x000000008738cb48) 
thrown [s\src\hotspot\share\interpreter\linkResolver.cpp, line 784]
Event: 0.910 Thread 0x000001e9769b3740 Exception <a 'java/lang/NoSuchMethodError'{0x00000000873d9798}: static [Ljava/lang/Object;.<clinit>()V> (0x00000000873d9798) 
thrown [s\src\hotspot\share\prims\jni.cpp, line 1144]
Event: 0.940 Thread 0x000001e9769b3740 Exception <a 'java/lang/NoSuchMethodError'{0x00000000872d2250}: static Lcom/intellij/database/remote/jdba/core/ConnectionInfo;.<clinit>()V> (0x00000000872d2250) 
thrown [s\src\hotspot\share\prims\jni.cpp, line 1144]
Event: 0.941 Thread 0x000001e9769b3740 Exception <a 'java/lang/NoSuchMethodError'{0x00000000872dcd78}: static Ljava/lang/Object;.<clinit>()V> (0x00000000872dcd78) 
thrown [s\src\hotspot\share\prims\jni.cpp, line 1144]
Event: 0.941 Thread 0x000001e9769b3740 Exception <a 'java/lang/NoSuchMethodError'{0x00000000872e1358}: static [I.<clinit>()V> (0x00000000872e1358) 
thrown [s\src\hotspot\share\prims\jni.cpp, line 1144]
Event: 0.950 Thread 0x000001e9769b3740 Exception <a 'java/lang/NoSuchMethodError'{0x0000000087105bf8}: 'java.lang.Object java.lang.invoke.DirectMethodHandle$Holder.invokeInterface(java.lang.Object, java.lang.Object, java.lang.Object, java.lang.Object)'> (0x0000000087105bf8) 
thrown [s\src\hotspot\share\interpreter\linkResolver.cpp, line 784]
Event: 0.992 Thread 0x000001e9769b3740 Exception <a 'java/lang/NoSuchMethodError'{0x000000008700a2a8}: static Lcom/intellij/database/remote/jdba/core/ResultLayout;.<clinit>()V> (0x000000008700a2a8) 
thrown [s\src\hotspot\share\prims\jni.cpp, line 1144]
Event: 0.994 Thread 0x000001e9769b3740 Exception <a 'java/lang/NoSuchMethodError'{0x0000000087017470}: static Lcom/intellij/database/remote/jdba/core/RowLayout;.<clinit>()V> (0x0000000087017470) 
thrown [s\src\hotspot\share\prims\jni.cpp, line 1144]
Event: 0.996 Thread 0x000001e9769b3740 Exception <a 'java/lang/NoSuchMethodError'{0x0000000087025528}: static Lcom/intellij/database/remote/jdba/util/NameAndClass;.<clinit>()V> (0x0000000087025528) 
thrown [s\src\hotspot\share\prims\jni.cpp, line 1144]
Event: 0.996 Thread 0x000001e9769b3740 Exception <a 'java/lang/NoSuchMethodError'{0x0000000087028238}: 'java.lang.Object java.lang.invoke.DirectMethodHandle$Holder.invokeInterface(java.lang.Object, java.lang.Object, int, java.lang.Object)'> (0x0000000087028238) 
thrown [s\src\hotspot\share\interpreter\linkResolver.cpp, line 784]
Event: 0.997 Thread 0x000001e9769b3740 Exception <a 'java/lang/NoSuchMethodError'{0x000000008702c3d8}: 'java.lang.Object java.lang.invoke.DirectMethodHandle$Holder.invokeSpecial(java.lang.Object, java.lang.Object, java.lang.Object, int, java.lang.Object)'> (0x000000008702c3d8) 
thrown [s\src\hotspot\share\interpreter\linkResolver.cpp, line 784]
Event: 1.550 Thread 0x000001e9769b3740 Exception <a 'java/lang/NoSuchMethodError'{0x0000000086e61408}: static [J.<clinit>()V> (0x0000000086e61408) 
thrown [s\src\hotspot\share\prims\jni.cpp, line 1144]
Event: 2.448 Thread 0x000001e9769b3740 Exception <a 'java/lang/NoSuchMethodError'{0x00000000876cc698}: static [Ljava/lang/String;.<clinit>()V> (0x00000000876cc698) 
thrown [s\src\hotspot\share\prims\jni.cpp, line 1144]
Event: 300.459 Thread 0x000001e976601220 Implicit null exception at 0x000001e9228b1fc2 to 0x000001e9228b230c

ZGC Phase Switch (0 events):
No events

VM Operations (20 events):
Event: 901.046 Executing VM operation: Cleanup done
Event: 1103.140 Executing VM operation: Cleanup
Event: 1103.140 Executing VM operation: Cleanup done
Event: 1322.287 Executing VM operation: Cleanup
Event: 1322.288 Executing VM operation: Cleanup done
Event: 1424.337 Executing VM operation: Cleanup
Event: 1424.337 Executing VM operation: Cleanup done
Event: 2223.167 Executing VM operation: Cleanup
Event: 2223.167 Executing VM operation: Cleanup done
Event: 2648.839 Executing VM operation: Cleanup
Event: 2648.839 Executing VM operation: Cleanup done
Event: 2651.841 Executing VM operation: Cleanup
Event: 2651.841 Executing VM operation: Cleanup done
Event: 2700.888 Executing VM operation: Cleanup
Event: 2700.888 Executing VM operation: Cleanup done
Event: 3099.140 Executing VM operation: Cleanup
Event: 3099.140 Executing VM operation: Cleanup done
Event: 3207.220 Executing VM operation: Cleanup
Event: 3207.220 Executing VM operation: Cleanup done
Event: 4612.023 Executing VM operation: G1CollectFull (System.gc())

Memory protections (0 events):
No events

Nmethod flushes (0 events):
No events

Events (20 events):
Event: 2.435 Thread 0x000001e9779d1f20 Thread exited: 0x000001e9779d1f20
Event: 2.435 Thread 0x000001e9779d1890 Thread exited: 0x000001e9779d1890
Event: 2.435 Thread 0x000001e9779d2c40 Thread exited: 0x000001e9779d2c40
Event: 2.435 Thread 0x000001e9771764a0 Thread exited: 0x000001e9771764a0
Event: 2.435 Thread 0x000001e9771743d0 Thread exited: 0x000001e9771743d0
Event: 2.436 Thread 0x000001e977178570 Thread exited: 0x000001e977178570
Event: 2.436 Thread 0x000001e9771750f0 Thread exited: 0x000001e9771750f0
Event: 2.437 Thread 0x000001e977172300 Thread exited: 0x000001e977172300
Event: 2.511 Thread 0x000001e976138d60 Thread added: 0x000001e97766d580
Event: 7.755 Thread 0x000001e976b2a660 Thread exited: 0x000001e976b2a660
Event: 7.784 Thread 0x000001e97766d580 Thread exited: 0x000001e97766d580
Event: 12.755 Thread 0x000001e9761041c0 Thread exited: 0x000001e9761041c0
Event: 12.755 Thread 0x000001e976138d60 Thread exited: 0x000001e976138d60
Event: 30.763 Thread 0x000001e9766025d0 Thread exited: 0x000001e9766025d0
Event: 37.291 Thread 0x000001e9769b3740 Thread added: 0x000001e9766018b0
Event: 37.292 Thread 0x000001e9766018b0 Thread exited: 0x000001e9766018b0
Event: 75.436 Thread 0x000001e97660f7c0 Thread exited: 0x000001e97660f7c0
Event: 90.443 Thread 0x000001e976600b90 Thread exited: 0x000001e976600b90
Event: 640.187 Thread 0x000001e9760230c0 Thread added: 0x000001e977392380
Event: 645.193 Thread 0x000001e977392380 Thread exited: 0x000001e977392380


Dynamic libraries:
0x00007ff7064c0000 - 0x00007ff7064ca000 	C:\Users\Radka\AppData\Local\Programs\IntelliJ IDEA Ultimate\jbr\bin\java.exe
0x00007ff8fb280000 - 0x00007ff8fb4e9000 	C:\WINDOWS\SYSTEM32\ntdll.dll
0x00007ff8f9a20000 - 0x00007ff8f9ae9000 	C:\WINDOWS\System32\KERNEL32.DLL
0x00007ff8f86c0000 - 0x00007ff8f8ab3000 	C:\WINDOWS\System32\KERNELBASE.dll
0x00007ff8f8ac0000 - 0x00007ff8f8c0b000 	C:\WINDOWS\System32\ucrtbase.dll
0x00007ff8f2e50000 - 0x00007ff8f2e6b000 	C:\Users\Radka\AppData\Local\Programs\IntelliJ IDEA Ultimate\jbr\bin\VCRUNTIME140.dll
0x00007ff8f2e90000 - 0x00007ff8f2ea8000 	C:\Users\Radka\AppData\Local\Programs\IntelliJ IDEA Ultimate\jbr\bin\jli.dll
0x00007ff8fa320000 - 0x00007ff8fa4e4000 	C:\WINDOWS\System32\USER32.dll
0x00007ff8da9f0000 - 0x00007ff8dac83000 	C:\WINDOWS\WinSxS\amd64_microsoft.windows.common-controls_6595b64144ccf1df_6.0.26100.5074_none_3e0d6f78e32fd63f\COMCTL32.dll
0x00007ff8f8540000 - 0x00007ff8f8567000 	C:\WINDOWS\System32\win32u.dll
0x00007ff8f98e0000 - 0x00007ff8f9989000 	C:\WINDOWS\System32\msvcrt.dll
0x00007ff8fa4f0000 - 0x00007ff8fa51b000 	C:\WINDOWS\System32\GDI32.dll
0x00007ff8f8410000 - 0x00007ff8f853d000 	C:\WINDOWS\System32\gdi32full.dll
0x00007ff8f8570000 - 0x00007ff8f8613000 	C:\WINDOWS\System32\msvcp_win.dll
0x00007ff8f93d0000 - 0x00007ff8f93ff000 	C:\WINDOWS\System32\IMM32.DLL
0x00007ff8f4f20000 - 0x00007ff8f4f2c000 	C:\Users\Radka\AppData\Local\Programs\IntelliJ IDEA Ultimate\jbr\bin\vcruntime140_1.dll
0x00007ff8dfff0000 - 0x00007ff8e007d000 	C:\Users\Radka\AppData\Local\Programs\IntelliJ IDEA Ultimate\jbr\bin\msvcp140.dll
0x00007ff841af0000 - 0x00007ff8428b4000 	C:\Users\Radka\AppData\Local\Programs\IntelliJ IDEA Ultimate\jbr\bin\server\jvm.dll
0x00007ff8fac80000 - 0x00007ff8fad34000 	C:\WINDOWS\System32\ADVAPI32.dll
0x00007ff8fa270000 - 0x00007ff8fa316000 	C:\WINDOWS\System32\sechost.dll
0x00007ff8f91b0000 - 0x00007ff8f92c8000 	C:\WINDOWS\System32\RPCRT4.dll
0x00007ff8f9130000 - 0x00007ff8f91a4000 	C:\WINDOWS\System32\WS2_32.dll
0x00007ff8f8270000 - 0x00007ff8f82ce000 	C:\WINDOWS\SYSTEM32\POWRPROF.dll
0x00007ff8dc1f0000 - 0x00007ff8dc225000 	C:\WINDOWS\SYSTEM32\WINMM.dll
0x00007ff8ef500000 - 0x00007ff8ef50b000 	C:\WINDOWS\SYSTEM32\VERSION.dll
0x00007ff8f8250000 - 0x00007ff8f8264000 	C:\WINDOWS\SYSTEM32\UMPDC.dll
0x00007ff8f7120000 - 0x00007ff8f713b000 	C:\WINDOWS\SYSTEM32\kernel.appcore.dll
0x00007ff8f2e80000 - 0x00007ff8f2e8a000 	C:\Users\Radka\AppData\Local\Programs\IntelliJ IDEA Ultimate\jbr\bin\jimage.dll
0x00007ff8f5a60000 - 0x00007ff8f5ca2000 	C:\WINDOWS\SYSTEM32\DBGHELP.DLL
0x00007ff8fae60000 - 0x00007ff8fb1db000 	C:\WINDOWS\System32\combase.dll
0x00007ff8f9af0000 - 0x00007ff8f9bc7000 	C:\WINDOWS\System32\OLEAUT32.dll
0x00007ff8c7bb0000 - 0x00007ff8c7bed000 	C:\WINDOWS\SYSTEM32\dbgcore.DLL
0x00007ff8f8620000 - 0x00007ff8f86b9000 	C:\WINDOWS\System32\bcryptPrimitives.dll
0x00007ff8f2e30000 - 0x00007ff8f2e50000 	C:\Users\Radka\AppData\Local\Programs\IntelliJ IDEA Ultimate\jbr\bin\java.dll
0x00007ff8fa530000 - 0x00007ff8fac7d000 	C:\WINDOWS\System32\SHELL32.dll
0x00007ff8f8e20000 - 0x00007ff8f8f8c000 	C:\WINDOWS\System32\wintypes.dll
0x00007ff8f6040000 - 0x00007ff8f6899000 	C:\WINDOWS\SYSTEM32\windows.storage.dll
0x00007ff8fad40000 - 0x00007ff8fae30000 	C:\WINDOWS\System32\SHCORE.dll
0x00007ff8f9bd0000 - 0x00007ff8f9c32000 	C:\WINDOWS\System32\shlwapi.dll
0x00007ff8f8330000 - 0x00007ff8f8359000 	C:\WINDOWS\SYSTEM32\profapi.dll
0x00007ff8f2e20000 - 0x00007ff8f2e30000 	C:\Users\Radka\AppData\Local\Programs\IntelliJ IDEA Ultimate\jbr\bin\net.dll
0x00007ff8ef520000 - 0x00007ff8ef63f000 	C:\WINDOWS\SYSTEM32\WINHTTP.dll
0x00007ff8f7740000 - 0x00007ff8f77ab000 	C:\WINDOWS\system32\mswsock.dll
0x00007ff8ef470000 - 0x00007ff8ef486000 	C:\Users\Radka\AppData\Local\Programs\IntelliJ IDEA Ultimate\jbr\bin\nio.dll
0x00007ff8f0ed0000 - 0x00007ff8f0ee8000 	C:\Users\Radka\AppData\Local\Programs\IntelliJ IDEA Ultimate\jbr\bin\zip.dll
0x00007ff8f6c70000 - 0x00007ff8f6ca4000 	C:\WINDOWS\SYSTEM32\IPHLPAPI.DLL
0x00007ff8fa520000 - 0x00007ff8fa52a000 	C:\WINDOWS\System32\NSI.dll
0x00007ff8f79f0000 - 0x00007ff8f7a0b000 	C:\WINDOWS\SYSTEM32\CRYPTSP.dll
0x00007ff8f7140000 - 0x00007ff8f717b000 	C:\WINDOWS\system32\rsaenh.dll
0x00007ff8f77e0000 - 0x00007ff8f780b000 	C:\WINDOWS\SYSTEM32\USERENV.dll
0x00007ff8f8300000 - 0x00007ff8f8326000 	C:\WINDOWS\SYSTEM32\bcrypt.dll
0x00007ff8f79e0000 - 0x00007ff8f79ec000 	C:\WINDOWS\SYSTEM32\CRYPTBASE.dll
0x00007ff8e77b0000 - 0x00007ff8e77b9000 	C:\Users\Radka\AppData\Local\Programs\IntelliJ IDEA Ultimate\jbr\bin\extnet.dll
0x00007ff8f2f00000 - 0x00007ff8f2f07000 	C:\Users\Radka\AppData\Local\Programs\IntelliJ IDEA Ultimate\jbr\bin\rmi.dll
0x00007ff8f6cb0000 - 0x00007ff8f6dd6000 	C:\WINDOWS\SYSTEM32\DNSAPI.dll
0x00007ff8ef510000 - 0x00007ff8ef51b000 	C:\Windows\System32\rasadhlp.dll
0x00007ff8f1e00000 - 0x00007ff8f1e86000 	C:\WINDOWS\System32\fwpuclnt.dll
0x00007ff8e7730000 - 0x00007ff8e7739000 	C:\Users\Radka\AppData\Local\Programs\IntelliJ IDEA Ultimate\jbr\bin\management.dll
0x00007ff8e4df0000 - 0x00007ff8e4dfb000 	C:\Users\Radka\AppData\Local\Programs\IntelliJ IDEA Ultimate\jbr\bin\management_ext.dll
0x00007ff8f9990000 - 0x00007ff8f9998000 	C:\WINDOWS\System32\PSAPI.DLL
0x00007ff8e77f0000 - 0x00007ff8e77fe000 	C:\Users\Radka\AppData\Local\Programs\IntelliJ IDEA Ultimate\jbr\bin\sunmscapi.dll
0x00007ff8f8ca0000 - 0x00007ff8f8e17000 	C:\WINDOWS\System32\CRYPT32.dll
0x00007ff8f7c30000 - 0x00007ff8f7c60000 	C:\WINDOWS\SYSTEM32\ncrypt.dll
0x00007ff8f7be0000 - 0x00007ff8f7c1f000 	C:\WINDOWS\SYSTEM32\NTASN1.dll

dbghelp: loaded successfully - version: 4.0.5 - missing functions: none
symbol engine: initialized successfully - sym options: 0x614 - pdb path: .;C:\Users\Radka\AppData\Local\Programs\IntelliJ IDEA Ultimate\jbr\bin;C:\WINDOWS\SYSTEM32;C:\WINDOWS\WinSxS\amd64_microsoft.windows.common-controls_6595b64144ccf1df_6.0.26100.5074_none_3e0d6f78e32fd63f;C:\Users\Radka\AppData\Local\Programs\IntelliJ IDEA Ultimate\jbr\bin\server

VM Arguments:
jvm_args: -Djava.rmi.server.hostname=127.0.0.1 -Duser.timezone=UTC -Xmx2048m -Xms128m -Djdbc.classpath=C:\Users\Radka\AppData\Local\Temp\RemoteDriver2.classpath.txt --add-exports=java.desktop/sun.awt=ALL-UNNAMED --add-exports=java.desktop/java.awt.peer=ALL-UNNAMED --add-opens=java.desktop/java.awt=ALL-UNNAMED --add-opens=jdk.unsupported/sun.misc=ALL-UNNAMED --add-opens=java.base/java.nio=ALL-UNNAMED --add-opens=java.base/java.util=ALL-UNNAMED -Dfile.encoding=UTF-8 -Dsun.stdout.encoding=UTF-8 -Dsun.stderr.encoding=UTF-8 
java_command: com.intellij.database.remote.RemoteJdbcServer org.postgresql.Driver
java_class_path (initial): C:\Users\Radka\AppData\Local\Programs\IntelliJ IDEA Ultimate\lib\util_rt.jar;C:\Users\Radka\AppData\Local\Programs\IntelliJ IDEA Ultimate\lib\util-8.jar;C:\Users\Radka\AppData\Local\Programs\IntelliJ IDEA Ultimate\lib\groovy.jar;C:\Users\Radka\AppData\Local\Programs\IntelliJ IDEA Ultimate\plugins\DatabaseTools\lib\jdbc-console.jar;C:\Users\Radka\AppData\Local\Programs\IntelliJ IDEA Ultimate\lib\modules\intellij.grid.types.jar;C:\Users\Radka\AppData\Local\Programs\IntelliJ IDEA Ultimate\lib\util.jar;C:\Users\Radka\AppData\Local\Programs\IntelliJ IDEA Ultimate\lib\bouncy-castle.jar
Launcher Type: SUN_STANDARD

[Global flags]
     intx CICompilerCount                          = 12                                        {product} {ergonomic}
     uint ConcGCThreads                            = 3                                         {product} {ergonomic}
     uint G1ConcRefinementThreads                  = 13                                        {product} {ergonomic}
   size_t G1HeapRegionSize                         = 1048576                                   {product} {ergonomic}
    uintx GCDrainStackTargetSize                   = 64                                        {product} {ergonomic}
   size_t InitialHeapSize                          = 134217728                                 {product} {command line}
   size_t MarkStackSize                            = 4194304                                   {product} {ergonomic}
   size_t MaxHeapSize                              = 2147483648                                {product} {command line}
   size_t MaxNewSize                               = 1287651328                                {product} {ergonomic}
   size_t MinHeapDeltaBytes                        = 1048576                                   {product} {ergonomic}
   size_t MinHeapSize                              = 134217728                                 {product} {command line}
    uintx NonNMethodCodeHeapSize                   = 7602480                                {pd product} {ergonomic}
    uintx NonProfiledCodeHeapSize                  = 122027880                              {pd product} {ergonomic}
    uintx ProfiledCodeHeapSize                     = 122027880                              {pd product} {ergonomic}
    uintx ReservedCodeCacheSize                    = 251658240                              {pd product} {ergonomic}
     bool SegmentedCodeCache                       = true                                      {product} {ergonomic}
   size_t SoftMaxHeapSize                          = 2147483648                             {manageable} {ergonomic}
     bool UseCompressedOops                        = true                           {product lp64_product} {ergonomic}
     bool UseG1GC                                  = true                                      {product} {ergonomic}
     bool UseLargePagesIndividualAllocation        = false                                  {pd product} {ergonomic}

Logging:
Log output configuration:
 #0: stdout all=warning uptime,level,tags foldmultilines=false
 #1: stderr all=off uptime,level,tags foldmultilines=false

Environment Variables:
PATH=C:\WINDOWS\system32;C:\WINDOWS;C:\WINDOWS\System32\Wbem;C:\WINDOWS\System32\WindowsPowerShell\v1.0\;C:\WINDOWS\System32\OpenSSH\;C:\Program Files\Go\bin;C:\Program Files\Git\cmd;C:\Program Files\Docker\Docker\resources\bin;C:\Users\Radka\AppData\Local\Programs\Python\Launcher\;C:\Users\Radka\AppData\Local\Microsoft\WindowsApps;C:\Users\Radka\AppData\Local\Programs\Microsoft VS Code\bin;C:\Users\Radka\go\bin;C:\Program Files\JetBrains\GoLand 2024.3.1\bin;C:\Users\Radka\AppData\Local\JetBrains\Toolbox\scripts
USERNAME=Radka
OS=Windows_NT
PROCESSOR_IDENTIFIER=Intel64 Family 6 Model 154 Stepping 3, GenuineIntel
TMP=C:\Users\Radka\AppData\Local\Temp
TEMP=C:\Users\Radka\AppData\Local\Temp




Periodic native trim disabled

JNI global refs:
JNI global refs: 25, weak refs: 0

JNI global refs memory usage: 835, weak refs: 833

Process memory usage:
Resident Set Size: 44724K (0% of 16472032K total physical memory with 3957056K free physical memory)

OOME stack traces (most recent first):
Classloader memory used:
Loader bootstrap                                                                       : 4011K
Loader jdk.internal.loader.ClassLoaders$AppClassLoader                                 : 3504K
Loader com.intellij.database.remote.jdbc.impl.JdbcClassLoader$JdbcClassLoaderImpl      : 1794K
Loader jdk.internal.loader.ClassLoaders$PlatformClassLoader                            : 421K
Loader jdk.internal.reflect.DelegatingClassLoader                                      : 154K

---------------  S Y S T E M  ---------------

OS:
 Windows 11 , 64 bit Build 26100 (10.0.26100.5074)
OS uptime: 0 days 6:18 hours
Hyper-V role detected

CPU: total 16 (initial active 16) (8 cores per cpu, 2 threads per core) family 6 model 154 stepping 3 microcode 0x416, cx8, cmov, fxsr, ht, mmx, 3dnowpref, sse, sse2, sse3, ssse3, sse4.1, sse4.2, popcnt, lzcnt, tsc, tscinvbit, avx, avx2, aes, erms, clmul, bmi1, bmi2, adx, sha, fma, vzeroupper, clflush, clflushopt, clwb, hv, serialize, rdtscp, rdpid, fsrm, f16c, cet_ibt, cet_ss
Processor Information for processor 0
  Max Mhz: 2700, Current Mhz: 2700, Mhz Limit: 2700
Processor Information for processor 1
  Max Mhz: 2700, Current Mhz: 1489, Mhz Limit: 2700
Processor Information for processor 2
  Max Mhz: 2700, Current Mhz: 1489, Mhz Limit: 2700
Processor Information for processor 3
  Max Mhz: 2700, Current Mhz: 1489, Mhz Limit: 2700
Processor Information for processor 4
  Max Mhz: 2700, Current Mhz: 1489, Mhz Limit: 2700
Processor Information for processor 5
  Max Mhz: 2700, Current Mhz: 2700, Mhz Limit: 2700
Processor Information for processor 6
  Max Mhz: 2700, Current Mhz: 2700, Mhz Limit: 2700
Processor Information for processor 7
  Max Mhz: 2700, Current Mhz: 1489, Mhz Limit: 2700
Processor Information for processor 8
  Max Mhz: 2700, Current Mhz: 1489, Mhz Limit: 2700
Processor Information for processor 9
  Max Mhz: 2700, Current Mhz: 1489, Mhz Limit: 2700
Processor Information for processor 10
  Max Mhz: 2700, Current Mhz: 1489, Mhz Limit: 2700
Processor Information for processor 11
  Max Mhz: 2700, Current Mhz: 1489, Mhz Limit: 2700
Processor Information for processor 12
  Max Mhz: 2700, Current Mhz: 1526, Mhz Limit: 1971
Processor Information for processor 13
  Max Mhz: 2700, Current Mhz: 1526, Mhz Limit: 1971
Processor Information for processor 14
  Max Mhz: 2700, Current Mhz: 1526, Mhz Limit: 1971
Processor Information for processor 15
  Max Mhz: 2700, Current Mhz: 1526, Mhz Limit: 1971

Memory: 4k page, system-wide physical 16085M (3858M free)
TotalPageFile size 16085M (AvailPageFile size 5M)
current process WorkingSet (physical memory assigned to process): 50M, peak: 149M
current process commit charge ("private bytes"): 258M, peak: 285M

vm_info: OpenJDK 64-Bit Server VM (21.0.7+6-b1038.58) for windows-amd64 JRE (21.0.7+6-b1038.58), built on 2025-07-07 by "builduser" with MS VC++ 16.10 / 16.11 (VS2019)

END.
